{"uuid":"10704994-3037-4ede-90c2-574925257642","historyId":"7ed507bae9b3ebe78ea318221271b8c4","fullName":"SwoopGeTest.firstTest","labels":[{"name":"package","value":"SwoopGeTest"},{"name":"testClass","value":"SwoopGeTest"},{"name":"testMethod","value":"firstTest"},{"name":"parentSuite","value":"Default Suite"},{"name":"suite","value":"Project2"},{"name":"subSuite","value":"SwoopGeTest"},{"name":"host","value":"DESKTOP-QTJN12G"},{"name":"thread","value":"13684@DESKTOP-QTJN12G.main(1)"},{"name":"framework","value":"testng"},{"name":"language","value":"java"},{"name":"epic","value":"Recreation"}],"links":[],"name":"SwoopGe  „დასვენება' Test","status":"failed","statusDetails":{"known":false,"muted":false,"flaky":false,"message":"Test SwoopGeTest.firstTest failed (2 failures)\r\n\tcom.codeborne.selenide.ex.ElementNotFound: Element not found {.deal-voucher-price:not([style*='text-decoration: line-through;']).snapshot(48 elements)[29]}\r\nExpected: exist\r\nTimeout: 60 s.\r\nCaused by: StaleElementReferenceException: stale element reference: stale element not found\r\n\tcom.codeborne.selenide.ex.ElementNotFound: Element not found {.deal-voucher-price:not([style*='text-decoration: line-through;']).snapshot(48 elements)[29]}\r\nExpected: exist\r\nTimeout: 60 s.\r\nCaused by: StaleElementReferenceException: stale element reference: stale element not found","trace":"com.codeborne.selenide.ex.SoftAssertionError: Test SwoopGeTest.firstTest failed (2 failures)\r\n\tcom.codeborne.selenide.ex.ElementNotFound: Element not found {.deal-voucher-price:not([style*='text-decoration: line-through;']).snapshot(48 elements)[29]}\r\nExpected: exist\r\nTimeout: 60 s.\r\nCaused by: StaleElementReferenceException: stale element reference: stale element not found\r\n\tcom.codeborne.selenide.ex.ElementNotFound: Element not found {.deal-voucher-price:not([style*='text-decoration: line-through;']).snapshot(48 elements)[29]}\r\nExpected: exist\r\nTimeout: 60 s.\r\nCaused by: StaleElementReferenceException: stale element reference: stale element not found\r\n\tat com.codeborne.selenide.logevents.ErrorsCollector.cleanAndGetAssertionError(ErrorsCollector.java:64)\r\n\tat com.codeborne.selenide.testng.SoftAsserts.failIfErrors(SoftAsserts.java:93)\r\n\tat com.codeborne.selenide.testng.SoftAsserts.onTestFailure(SoftAsserts.java:33)\r\n\tat org.testng.internal.TestListenerHelper.runTestListeners(TestListenerHelper.java:96)\r\n\tat org.testng.internal.TestInvoker.runTestResultListener(TestInvoker.java:219)\r\n\tat org.testng.internal.TestInvoker.invokeMethod(TestInvoker.java:656)\r\n\tat org.testng.internal.TestInvoker.invokeTestMethod(TestInvoker.java:173)\r\n\tat org.testng.internal.MethodRunner.runInSequence(MethodRunner.java:46)\r\n\tat org.testng.internal.TestInvoker$MethodInvocationAgent.invoke(TestInvoker.java:824)\r\n\tat org.testng.internal.TestInvoker.invokeTestMethods(TestInvoker.java:146)\r\n\tat org.testng.internal.TestMethodWorker.invokeTestMethods(TestMethodWorker.java:146)\r\n\tat org.testng.internal.TestMethodWorker.run(TestMethodWorker.java:128)\r\n\tat java.base/java.util.ArrayList.forEach(ArrayList.java:1511)\r\n\tat org.testng.TestRunner.privateRun(TestRunner.java:794)\r\n\tat org.testng.TestRunner.run(TestRunner.java:596)\r\n\tat org.testng.SuiteRunner.runTest(SuiteRunner.java:377)\r\n\tat org.testng.SuiteRunner.runSequentially(SuiteRunner.java:371)\r\n\tat org.testng.SuiteRunner.privateRun(SuiteRunner.java:332)\r\n\tat org.testng.SuiteRunner.run(SuiteRunner.java:276)\r\n\tat org.testng.SuiteRunnerWorker.runSuite(SuiteRunnerWorker.java:53)\r\n\tat org.testng.SuiteRunnerWorker.run(SuiteRunnerWorker.java:96)\r\n\tat org.testng.TestNG.runSuitesSequentially(TestNG.java:1212)\r\n\tat org.testng.TestNG.runSuitesLocally(TestNG.java:1134)\r\n\tat org.testng.TestNG.runSuites(TestNG.java:1063)\r\n\tat org.testng.TestNG.run(TestNG.java:1031)\r\n\tat com.intellij.rt.testng.IDEARemoteTestNG.run(IDEARemoteTestNG.java:66)\r\n\tat com.intellij.rt.testng.RemoteTestNGStarter.main(RemoteTestNGStarter.java:105)\r\n\tSuppressed: Element not found {.deal-voucher-price:not([style*='text-decoration: line-through;']).snapshot(48 elements)[29]}\r\nExpected: exist\r\nTimeout: 60 s.\r\nCaused by: StaleElementReferenceException: stale element reference: stale element not found\r\n\t\tat com.codeborne.selenide.impl.WebElementSource.createElementNotFoundError(WebElementSource.java:91)\r\n\t\tat com.codeborne.selenide.impl.CollectionElement.createElementNotFoundError(CollectionElement.java:63)\r\n\t\tat com.codeborne.selenide.impl.ExceptionWrapper.wrap(ExceptionWrapper.java:32)\r\n\t\tat com.codeborne.selenide.impl.SelenideElementProxy.dispatchAndRetry(SelenideElementProxy.java:154)\r\n\t\tat com.codeborne.selenide.impl.SelenideElementProxy.invoke(SelenideElementProxy.java:84)\r\n\t\tat jdk.proxy2/jdk.proxy2.$Proxy22.getText(Unknown Source)\r\n\t\tat java.base/java.util.stream.ReferencePipeline$3$1.accept(ReferencePipeline.java:197)\r\n\t\tat java.base/java.util.stream.ReferencePipeline$2$1.accept(ReferencePipeline.java:179)\r\n\t\tat java.base/java.util.Iterator.forEachRemaining(Iterator.java:133)\r\n\t\tat java.base/java.util.Spliterators$IteratorSpliterator.forEachRemaining(Spliterators.java:1921)\r\n\t\tat java.base/java.util.stream.AbstractPipeline.copyInto(AbstractPipeline.java:509)\r\n\t\tat java.base/java.util.stream.AbstractPipeline.wrapAndCopyInto(AbstractPipeline.java:499)\r\n\t\tat java.base/java.util.stream.ForEachOps$ForEachOp.evaluateSequential(ForEachOps.java:150)\r\n\t\tat java.base/java.util.stream.ForEachOps$ForEachOp$OfRef.evaluateSequential(ForEachOps.java:173)\r\n\t\tat java.base/java.util.stream.AbstractPipeline.evaluate(AbstractPipeline.java:234)\r\n\t\tat java.base/java.util.stream.ReferencePipeline.forEach(ReferencePipeline.java:596)\r\n\t\tat SwoopGeTest.firstTest(SwoopGeTest.java:55)\r\n\t\tat java.base/jdk.internal.reflect.DirectMethodHandleAccessor.invoke(DirectMethodHandleAccessor.java:104)\r\n\t\tat java.base/java.lang.reflect.Method.invoke(Method.java:578)\r\n\t\tat org.testng.internal.MethodInvocationHelper.invokeMethod(MethodInvocationHelper.java:133)\r\n\t\tat org.testng.internal.TestInvoker.invokeMethod(TestInvoker.java:598)\r\n\t\t... 21 more\r\n\tCaused by: org.openqa.selenium.StaleElementReferenceException: stale element reference: stale element not found\n  (Session info: chrome=117.0.5938.132)\nFor documentation on this error, please visit: https://www.selenium.dev/documentation/webdriver/troubleshooting/errors#stale-element-reference-exception\nBuild info: version: '4.11.0', revision: '040bc5406b'\nSystem info: os.name: 'Windows 10', os.arch: 'amd64', os.version: '10.0', java.version: '19.0.2'\nDriver info: org.openqa.selenium.chrome.ChromeDriver\nCommand: [ad2ce355392dd7f32006ea3cf3cf324c, getElementTagName {id=EEA0ED3B5C7EDB0898A2EE9B286B6257_element_306}]\nCapabilities {acceptInsecureCerts: true, browserName: chrome, browserVersion: 117.0.5938.132, chrome: {chromedriverVersion: 117.0.5938.92 (67649b10b92b..., userDataDir: C:\\Users\\GG\\AppData\\Local\\T...}, fedcm:accounts: true, goog:chromeOptions: {debuggerAddress: localhost:64016}, networkConnectionEnabled: false, pageLoadStrategy: normal, platformName: windows, proxy: Proxy(), se:cdp: ws://localhost:64016/devtoo..., se:cdpVersion: 117.0.5938.132, setWindowRect: true, strictFileInteractability: false, timeouts: {implicit: 0, pageLoad: 300000, script: 30000}, unhandledPromptBehavior: accept, webauthn:extension:credBlob: true, webauthn:extension:largeBlob: true, webauthn:extension:minPinLength: true, webauthn:extension:prf: true, webauthn:virtualAuthenticators: true}\nElement: [[ChromeDriver: chrome on windows (ad2ce355392dd7f32006ea3cf3cf324c)] -> css selector: .deal-voucher-price:not([style*='text-decoration: line-through;'])]\nSession ID: ad2ce355392dd7f32006ea3cf3cf324c\r\n\t\tat java.base/jdk.internal.reflect.DirectConstructorHandleAccessor.newInstance(DirectConstructorHandleAccessor.java:67)\r\n\t\tat java.base/java.lang.reflect.Constructor.newInstanceWithCaller(Constructor.java:500)\r\n\t\tat java.base/java.lang.reflect.Constructor.newInstance(Constructor.java:484)\r\n\t\tat org.openqa.selenium.remote.codec.w3c.W3CHttpResponseCodec.createException(W3CHttpResponseCodec.java:200)\r\n\t\tat org.openqa.selenium.remote.codec.w3c.W3CHttpResponseCodec.decode(W3CHttpResponseCodec.java:133)\r\n\t\tat org.openqa.selenium.remote.codec.w3c.W3CHttpResponseCodec.decode(W3CHttpResponseCodec.java:52)\r\n\t\tat org.openqa.selenium.remote.HttpCommandExecutor.execute(HttpCommandExecutor.java:191)\r\n\t\tat org.openqa.selenium.remote.service.DriverCommandExecutor.invokeExecute(DriverCommandExecutor.java:196)\r\n\t\tat org.openqa.selenium.remote.service.DriverCommandExecutor.execute(DriverCommandExecutor.java:171)\r\n\t\tat org.openqa.selenium.remote.RemoteWebDriver.execute(RemoteWebDriver.java:518)\r\n\t\tat org.openqa.selenium.remote.RemoteWebElement.execute(RemoteWebElement.java:224)\r\n\t\tat org.openqa.selenium.remote.RemoteWebElement.getTagName(RemoteWebElement.java:135)\r\n\t\tat com.codeborne.selenide.commands.GetText.execute(GetText.java:30)\r\n\t\tat com.codeborne.selenide.commands.GetText.execute(GetText.java:13)\r\n\t\tat com.codeborne.selenide.commands.Commands.execute(Commands.java:163)\r\n\t\tat com.codeborne.selenide.impl.SelenideElementProxy.dispatchAndRetry(SelenideElementProxy.java:132)\r\n\t\t... 38 more\r\n\tSuppressed: [CIRCULAR REFERENCE: Element not found {.deal-voucher-price:not([style*='text-decoration: line-through;']).snapshot(48 elements)[29]}\r\nExpected: exist\r\nTimeout: 60 s.\r\nCaused by: StaleElementReferenceException: stale element reference: stale element not found]\r\n"},"stage":"finished","steps":[{"name":"Accept Cookies","status":"passed","stage":"finished","steps":[],"attachments":[],"parameters":[],"start":1696191319279,"stop":1696191319493},{"name":"clicks on დასვენება button on Header","status":"passed","stage":"finished","steps":[],"attachments":[],"parameters":[],"start":1696191319495,"stop":1696191328562},{"name":"Set Min Price: 200","status":"passed","stage":"finished","steps":[],"attachments":[],"parameters":[{"name":"minPrice","value":"200"}],"start":1696191328566,"stop":1696191328756},{"name":"Set Max Price: 230","status":"passed","stage":"finished","steps":[],"attachments":[],"parameters":[{"name":"maxPrice","value":"230"}],"start":1696191328756,"stop":1696191328867},{"name":"clickOnDzebnaButton","status":"passed","stage":"finished","steps":[],"attachments":[],"parameters":[],"start":1696191328868,"stop":1696191328992}],"attachments":[],"parameters":[],"start":1696191289922,"stop":1696191389928}