{"uuid":"5b065d39-8437-413b-979f-87e3758673de","historyId":"ad924d0b8759f04c8e279b46aefb2a3e","fullName":"SwoopGeTest.test2","labels":[{"name":"package","value":"SwoopGeTest"},{"name":"testClass","value":"SwoopGeTest"},{"name":"testMethod","value":"test2"},{"name":"parentSuite","value":"Default Suite"},{"name":"suite","value":"Project2"},{"name":"subSuite","value":"SwoopGeTest"},{"name":"host","value":"DESKTOP-QTJN12G"},{"name":"thread","value":"2920@DESKTOP-QTJN12G.main(1)"},{"name":"framework","value":"testng"},{"name":"language","value":"java"},{"name":"epic","value":"Meals"}],"links":[],"name":"SwoopGe 'კვება' Test","status":"failed","statusDetails":{"known":false,"muted":false,"flaky":false,"message":"Test SwoopGeTest.test2 failed (2 failures)\r\n\tcom.codeborne.selenide.ex.ElementShould: Element should be clickable: interactable and enabled {.category-ul.main-category-ul/by text: სუში}\r\nElement: '<span class=\"main-category-span  \" displayed:false></span>'\r\nActual value: hidden, opacity=1\r\nTimeout: 20 s.\r\n\tcom.codeborne.selenide.ex.ElementShould: Element should be clickable: interactable and enabled {.category-ul.main-category-ul/by text: სუში}\r\nElement: '<span class=\"main-category-span  \" displayed:false></span>'\r\nActual value: hidden, opacity=1\r\nTimeout: 20 s.","trace":"com.codeborne.selenide.ex.SoftAssertionError: Test SwoopGeTest.test2 failed (2 failures)\r\n\tcom.codeborne.selenide.ex.ElementShould: Element should be clickable: interactable and enabled {.category-ul.main-category-ul/by text: სუში}\r\nElement: '<span class=\"main-category-span  \" displayed:false></span>'\r\nActual value: hidden, opacity=1\r\nTimeout: 20 s.\r\n\tcom.codeborne.selenide.ex.ElementShould: Element should be clickable: interactable and enabled {.category-ul.main-category-ul/by text: სუში}\r\nElement: '<span class=\"main-category-span  \" displayed:false></span>'\r\nActual value: hidden, opacity=1\r\nTimeout: 20 s.\r\n\tat com.codeborne.selenide.logevents.ErrorsCollector.cleanAndGetAssertionError(ErrorsCollector.java:64)\r\n\tat com.codeborne.selenide.testng.SoftAsserts.failIfErrors(SoftAsserts.java:93)\r\n\tat com.codeborne.selenide.testng.SoftAsserts.onTestFailure(SoftAsserts.java:33)\r\n\tat org.testng.internal.TestListenerHelper.runTestListeners(TestListenerHelper.java:96)\r\n\tat org.testng.internal.TestInvoker.runTestResultListener(TestInvoker.java:219)\r\n\tat org.testng.internal.TestInvoker.invokeMethod(TestInvoker.java:656)\r\n\tat org.testng.internal.TestInvoker.invokeTestMethod(TestInvoker.java:173)\r\n\tat org.testng.internal.MethodRunner.runInSequence(MethodRunner.java:46)\r\n\tat org.testng.internal.TestInvoker$MethodInvocationAgent.invoke(TestInvoker.java:824)\r\n\tat org.testng.internal.TestInvoker.invokeTestMethods(TestInvoker.java:146)\r\n\tat org.testng.internal.TestMethodWorker.invokeTestMethods(TestMethodWorker.java:146)\r\n\tat org.testng.internal.TestMethodWorker.run(TestMethodWorker.java:128)\r\n\tat java.base/java.util.ArrayList.forEach(ArrayList.java:1511)\r\n\tat org.testng.TestRunner.privateRun(TestRunner.java:794)\r\n\tat org.testng.TestRunner.run(TestRunner.java:596)\r\n\tat org.testng.SuiteRunner.runTest(SuiteRunner.java:377)\r\n\tat org.testng.SuiteRunner.runSequentially(SuiteRunner.java:371)\r\n\tat org.testng.SuiteRunner.privateRun(SuiteRunner.java:332)\r\n\tat org.testng.SuiteRunner.run(SuiteRunner.java:276)\r\n\tat org.testng.SuiteRunnerWorker.runSuite(SuiteRunnerWorker.java:53)\r\n\tat org.testng.SuiteRunnerWorker.run(SuiteRunnerWorker.java:96)\r\n\tat org.testng.TestNG.runSuitesSequentially(TestNG.java:1212)\r\n\tat org.testng.TestNG.runSuitesLocally(TestNG.java:1134)\r\n\tat org.testng.TestNG.runSuites(TestNG.java:1063)\r\n\tat org.testng.TestNG.run(TestNG.java:1031)\r\n\tat com.intellij.rt.testng.IDEARemoteTestNG.run(IDEARemoteTestNG.java:66)\r\n\tat com.intellij.rt.testng.RemoteTestNGStarter.main(RemoteTestNGStarter.java:105)\r\n\tSuppressed: Element should be clickable: interactable and enabled {.category-ul.main-category-ul/by text: სუში}\r\nElement: '<span class=\"main-category-span  \" displayed:false></span>'\r\nActual value: hidden, opacity=1\r\nTimeout: 20 s.\r\n\t\tat com.codeborne.selenide.impl.WebElementSource.handleError(WebElementSource.java:149)\r\n\t\tat com.codeborne.selenide.impl.WebElementSource.checkConditionAndReturnElement(WebElementSource.java:127)\r\n\t\tat com.codeborne.selenide.impl.WebElementSource.findAndAssertElementIsClickable(WebElementSource.java:173)\r\n\t\tat com.codeborne.selenide.commands.Click.findElement(Click.java:46)\r\n\t\tat com.codeborne.selenide.commands.Click.execute(Click.java:28)\r\n\t\tat com.codeborne.selenide.commands.Click.execute(Click.java:21)\r\n\t\tat com.codeborne.selenide.commands.Commands.execute(Commands.java:163)\r\n\t\tat com.codeborne.selenide.impl.SelenideElementProxy.dispatchAndRetry(SelenideElementProxy.java:132)\r\n\t\tat com.codeborne.selenide.impl.SelenideElementProxy.invoke(SelenideElementProxy.java:84)\r\n\t\tat jdk.proxy2/jdk.proxy2.$Proxy22.click(Unknown Source)\r\n\t\tat Steps.KvebaDefaultPageSteps.clickOnSushiCategory(KvebaDefaultPageSteps.java:11)\r\n\t\tat SwoopGeTest.test2(SwoopGeTest.java:64)\r\n\t\tat java.base/jdk.internal.reflect.DirectMethodHandleAccessor.invoke(DirectMethodHandleAccessor.java:104)\r\n\t\tat java.base/java.lang.reflect.Method.invoke(Method.java:578)\r\n\t\tat org.testng.internal.MethodInvocationHelper.invokeMethod(MethodInvocationHelper.java:133)\r\n\t\tat org.testng.internal.TestInvoker.invokeMethod(TestInvoker.java:598)\r\n\t\t... 21 more\r\n\tSuppressed: [CIRCULAR REFERENCE: Element should be clickable: interactable and enabled {.category-ul.main-category-ul/by text: სუში}\r\nElement: '<span class=\"main-category-span  \" displayed:false></span>'\r\nActual value: hidden, opacity=1\r\nTimeout: 20 s.]\r\n"},"stage":"finished","steps":[{"name":"Accept Cookies","status":"passed","stage":"finished","steps":[],"attachments":[],"parameters":[],"start":1696095538899,"stop":1696095539059},{"name":"clicks on კვება button on Header","status":"passed","stage":"finished","steps":[],"attachments":[],"parameters":[],"start":1696095539060,"stop":1696095541912},{"name":"clickOnSushiCategory","status":"failed","statusDetails":{"known":false,"muted":false,"flaky":false,"message":"Element should be clickable: interactable and enabled {.category-ul.main-category-ul/by text: სუში}\r\nElement: '<span class=\"main-category-span  \" displayed:false></span>'\r\nActual value: hidden, opacity=1\r\nTimeout: 20 s.","trace":"Element should be clickable: interactable and enabled {.category-ul.main-category-ul/by text: სუში}\r\nElement: '<span class=\"main-category-span  \" displayed:false></span>'\r\nActual value: hidden, opacity=1\r\nTimeout: 20 s.\r\n\tat com.codeborne.selenide.impl.WebElementSource.handleError(WebElementSource.java:149)\r\n\tat com.codeborne.selenide.impl.WebElementSource.checkConditionAndReturnElement(WebElementSource.java:127)\r\n\tat com.codeborne.selenide.impl.WebElementSource.findAndAssertElementIsClickable(WebElementSource.java:173)\r\n\tat com.codeborne.selenide.commands.Click.findElement(Click.java:46)\r\n\tat com.codeborne.selenide.commands.Click.execute(Click.java:28)\r\n\tat com.codeborne.selenide.commands.Click.execute(Click.java:21)\r\n\tat com.codeborne.selenide.commands.Commands.execute(Commands.java:163)\r\n\tat com.codeborne.selenide.impl.SelenideElementProxy.dispatchAndRetry(SelenideElementProxy.java:132)\r\n\tat com.codeborne.selenide.impl.SelenideElementProxy.invoke(SelenideElementProxy.java:84)\r\n\tat jdk.proxy2/jdk.proxy2.$Proxy22.click(Unknown Source)\r\n\tat Steps.KvebaDefaultPageSteps.clickOnSushiCategory(KvebaDefaultPageSteps.java:11)\r\n\tat SwoopGeTest.test2(SwoopGeTest.java:64)\r\n\tat java.base/jdk.internal.reflect.DirectMethodHandleAccessor.invoke(DirectMethodHandleAccessor.java:104)\r\n\tat java.base/java.lang.reflect.Method.invoke(Method.java:578)\r\n\tat org.testng.internal.MethodInvocationHelper.invokeMethod(MethodInvocationHelper.java:133)\r\n\tat org.testng.internal.TestInvoker.invokeMethod(TestInvoker.java:598)\r\n\tat org.testng.internal.TestInvoker.invokeTestMethod(TestInvoker.java:173)\r\n\tat org.testng.internal.MethodRunner.runInSequence(MethodRunner.java:46)\r\n\tat org.testng.internal.TestInvoker$MethodInvocationAgent.invoke(TestInvoker.java:824)\r\n\tat org.testng.internal.TestInvoker.invokeTestMethods(TestInvoker.java:146)\r\n\tat org.testng.internal.TestMethodWorker.invokeTestMethods(TestMethodWorker.java:146)\r\n\tat org.testng.internal.TestMethodWorker.run(TestMethodWorker.java:128)\r\n\tat java.base/java.util.ArrayList.forEach(ArrayList.java:1511)\r\n\tat org.testng.TestRunner.privateRun(TestRunner.java:794)\r\n\tat org.testng.TestRunner.run(TestRunner.java:596)\r\n\tat org.testng.SuiteRunner.runTest(SuiteRunner.java:377)\r\n\tat org.testng.SuiteRunner.runSequentially(SuiteRunner.java:371)\r\n\tat org.testng.SuiteRunner.privateRun(SuiteRunner.java:332)\r\n\tat org.testng.SuiteRunner.run(SuiteRunner.java:276)\r\n\tat org.testng.SuiteRunnerWorker.runSuite(SuiteRunnerWorker.java:53)\r\n\tat org.testng.SuiteRunnerWorker.run(SuiteRunnerWorker.java:96)\r\n\tat org.testng.TestNG.runSuitesSequentially(TestNG.java:1212)\r\n\tat org.testng.TestNG.runSuitesLocally(TestNG.java:1134)\r\n\tat org.testng.TestNG.runSuites(TestNG.java:1063)\r\n\tat org.testng.TestNG.run(TestNG.java:1031)\r\n\tat com.intellij.rt.testng.IDEARemoteTestNG.run(IDEARemoteTestNG.java:66)\r\n\tat com.intellij.rt.testng.RemoteTestNGStarter.main(RemoteTestNGStarter.java:105)\r\n"},"stage":"finished","steps":[],"attachments":[],"parameters":[],"start":1696095541912,"stop":1696095563419}],"attachments":[],"parameters":[],"start":1696095531617,"stop":1696095563432}