{"uuid":"6c78be32-9220-4bc1-8069-9806a8808130","historyId":"7ed507bae9b3ebe78ea318221271b8c4","fullName":"SwoopGeTest.firstTest","labels":[{"name":"package","value":"SwoopGeTest"},{"name":"testClass","value":"SwoopGeTest"},{"name":"testMethod","value":"firstTest"},{"name":"parentSuite","value":"Default Suite"},{"name":"suite","value":"Project2"},{"name":"subSuite","value":"SwoopGeTest"},{"name":"host","value":"DESKTOP-QTJN12G"},{"name":"thread","value":"6692@DESKTOP-QTJN12G.main(1)"},{"name":"framework","value":"testng"},{"name":"language","value":"java"},{"name":"epic","value":"Recreation"}],"links":[],"name":"SwoopGe  „დასვენება' Test","status":"failed","statusDetails":{"known":false,"muted":false,"flaky":false,"message":"Test SwoopGeTest.firstTest failed (2 failures)\r\n\tjava.lang.IndexOutOfBoundsException: Index 1 out of bounds for length 0\r\n\tjava.lang.IndexOutOfBoundsException: Index 1 out of bounds for length 0","trace":"com.codeborne.selenide.ex.SoftAssertionError: Test SwoopGeTest.firstTest failed (2 failures)\r\n\tjava.lang.IndexOutOfBoundsException: Index 1 out of bounds for length 0\r\n\tjava.lang.IndexOutOfBoundsException: Index 1 out of bounds for length 0\r\n\tat com.codeborne.selenide.logevents.ErrorsCollector.cleanAndGetAssertionError(ErrorsCollector.java:64)\r\n\tat com.codeborne.selenide.testng.SoftAsserts.failIfErrors(SoftAsserts.java:93)\r\n\tat com.codeborne.selenide.testng.SoftAsserts.onTestFailure(SoftAsserts.java:33)\r\n\tat org.testng.internal.TestListenerHelper.runTestListeners(TestListenerHelper.java:96)\r\n\tat org.testng.internal.TestInvoker.runTestResultListener(TestInvoker.java:219)\r\n\tat org.testng.internal.TestInvoker.invokeMethod(TestInvoker.java:656)\r\n\tat org.testng.internal.TestInvoker.invokeTestMethod(TestInvoker.java:173)\r\n\tat org.testng.internal.MethodRunner.runInSequence(MethodRunner.java:46)\r\n\tat org.testng.internal.TestInvoker$MethodInvocationAgent.invoke(TestInvoker.java:824)\r\n\tat org.testng.internal.TestInvoker.invokeTestMethods(TestInvoker.java:146)\r\n\tat org.testng.internal.TestMethodWorker.invokeTestMethods(TestMethodWorker.java:146)\r\n\tat org.testng.internal.TestMethodWorker.run(TestMethodWorker.java:128)\r\n\tat java.base/java.util.ArrayList.forEach(ArrayList.java:1511)\r\n\tat org.testng.TestRunner.privateRun(TestRunner.java:794)\r\n\tat org.testng.TestRunner.run(TestRunner.java:596)\r\n\tat org.testng.SuiteRunner.runTest(SuiteRunner.java:377)\r\n\tat org.testng.SuiteRunner.runSequentially(SuiteRunner.java:371)\r\n\tat org.testng.SuiteRunner.privateRun(SuiteRunner.java:332)\r\n\tat org.testng.SuiteRunner.run(SuiteRunner.java:276)\r\n\tat org.testng.SuiteRunnerWorker.runSuite(SuiteRunnerWorker.java:53)\r\n\tat org.testng.SuiteRunnerWorker.run(SuiteRunnerWorker.java:96)\r\n\tat org.testng.TestNG.runSuitesSequentially(TestNG.java:1212)\r\n\tat org.testng.TestNG.runSuitesLocally(TestNG.java:1134)\r\n\tat org.testng.TestNG.runSuites(TestNG.java:1063)\r\n\tat org.testng.TestNG.run(TestNG.java:1031)\r\n\tat com.intellij.rt.testng.IDEARemoteTestNG.run(IDEARemoteTestNG.java:66)\r\n\tat com.intellij.rt.testng.RemoteTestNGStarter.main(RemoteTestNGStarter.java:105)\r\n\tSuppressed: java.lang.IndexOutOfBoundsException: Index 1 out of bounds for length 0\r\n\t\tat java.base/jdk.internal.util.Preconditions.outOfBounds(Preconditions.java:100)\r\n\t\tat java.base/jdk.internal.util.Preconditions.outOfBoundsCheckIndex(Preconditions.java:106)\r\n\t\tat java.base/jdk.internal.util.Preconditions.checkIndex(Preconditions.java:302)\r\n\t\tat java.base/java.util.Objects.checkIndex(Objects.java:385)\r\n\t\tat java.base/java.util.ArrayList.get(ArrayList.java:427)\r\n\t\tat com.codeborne.selenide.impl.WebElementSelector.findElement(WebElementSelector.java:34)\r\n\t\tat com.codeborne.selenide.impl.ElementFinder.getWebElement(ElementFinder.java:122)\r\n\t\tat com.codeborne.selenide.commands.ScrollIntoView.execute(ScrollIntoView.java:20)\r\n\t\tat com.codeborne.selenide.commands.ScrollIntoView.execute(ScrollIntoView.java:14)\r\n\t\tat com.codeborne.selenide.commands.Commands.execute(Commands.java:163)\r\n\t\tat com.codeborne.selenide.impl.SelenideElementProxy.dispatchAndRetry(SelenideElementProxy.java:132)\r\n\t\tat com.codeborne.selenide.impl.SelenideElementProxy.invoke(SelenideElementProxy.java:84)\r\n\t\tat jdk.proxy2/jdk.proxy2.$Proxy22.scrollIntoView(Unknown Source)\r\n\t\tat Steps.DasvenebaPageSteps.clickOnDzebnaButton(DasvenebaPageSteps.java:26)\r\n\t\tat SwoopGeTest.firstTest(SwoopGeTest.java:46)\r\n\t\tat java.base/jdk.internal.reflect.DirectMethodHandleAccessor.invoke(DirectMethodHandleAccessor.java:104)\r\n\t\tat java.base/java.lang.reflect.Method.invoke(Method.java:578)\r\n\t\tat org.testng.internal.MethodInvocationHelper.invokeMethod(MethodInvocationHelper.java:133)\r\n\t\tat org.testng.internal.TestInvoker.invokeMethod(TestInvoker.java:598)\r\n\t\t... 21 more\r\n\tSuppressed: [CIRCULAR REFERENCE: java.lang.IndexOutOfBoundsException: Index 1 out of bounds for length 0]\r\n"},"stage":"finished","steps":[{"name":"Accept Cookies","status":"passed","stage":"finished","steps":[],"attachments":[],"parameters":[],"start":1696153500380,"stop":1696153500524},{"name":"clicks on დასვენება button on Header","status":"passed","stage":"finished","steps":[],"attachments":[],"parameters":[],"start":1696153500525,"stop":1696153504098},{"name":"Set Min Price: 200","status":"passed","stage":"finished","steps":[],"attachments":[],"parameters":[{"name":"minPrice","value":"200"}],"start":1696153504101,"stop":1696153504221},{"name":"Set Max Price: 230","status":"passed","stage":"finished","steps":[],"attachments":[],"parameters":[{"name":"maxPrice","value":"230"}],"start":1696153504221,"stop":1696153504297},{"name":"clickOnDzebnaButton","status":"broken","statusDetails":{"known":false,"muted":false,"flaky":false,"message":"Index 1 out of bounds for length 0","trace":"java.lang.IndexOutOfBoundsException: Index 1 out of bounds for length 0\r\n\tat java.base/jdk.internal.util.Preconditions.outOfBounds(Preconditions.java:100)\r\n\tat java.base/jdk.internal.util.Preconditions.outOfBoundsCheckIndex(Preconditions.java:106)\r\n\tat java.base/jdk.internal.util.Preconditions.checkIndex(Preconditions.java:302)\r\n\tat java.base/java.util.Objects.checkIndex(Objects.java:385)\r\n\tat java.base/java.util.ArrayList.get(ArrayList.java:427)\r\n\tat com.codeborne.selenide.impl.WebElementSelector.findElement(WebElementSelector.java:34)\r\n\tat com.codeborne.selenide.impl.ElementFinder.getWebElement(ElementFinder.java:122)\r\n\tat com.codeborne.selenide.commands.ScrollIntoView.execute(ScrollIntoView.java:20)\r\n\tat com.codeborne.selenide.commands.ScrollIntoView.execute(ScrollIntoView.java:14)\r\n\tat com.codeborne.selenide.commands.Commands.execute(Commands.java:163)\r\n\tat com.codeborne.selenide.impl.SelenideElementProxy.dispatchAndRetry(SelenideElementProxy.java:132)\r\n\tat com.codeborne.selenide.impl.SelenideElementProxy.invoke(SelenideElementProxy.java:84)\r\n\tat jdk.proxy2/jdk.proxy2.$Proxy22.scrollIntoView(Unknown Source)\r\n\tat Steps.DasvenebaPageSteps.clickOnDzebnaButton(DasvenebaPageSteps.java:26)\r\n\tat SwoopGeTest.firstTest(SwoopGeTest.java:46)\r\n\tat java.base/jdk.internal.reflect.DirectMethodHandleAccessor.invoke(DirectMethodHandleAccessor.java:104)\r\n\tat java.base/java.lang.reflect.Method.invoke(Method.java:578)\r\n\tat org.testng.internal.MethodInvocationHelper.invokeMethod(MethodInvocationHelper.java:133)\r\n\tat org.testng.internal.TestInvoker.invokeMethod(TestInvoker.java:598)\r\n\tat org.testng.internal.TestInvoker.invokeTestMethod(TestInvoker.java:173)\r\n\tat org.testng.internal.MethodRunner.runInSequence(MethodRunner.java:46)\r\n\tat org.testng.internal.TestInvoker$MethodInvocationAgent.invoke(TestInvoker.java:824)\r\n\tat org.testng.internal.TestInvoker.invokeTestMethods(TestInvoker.java:146)\r\n\tat org.testng.internal.TestMethodWorker.invokeTestMethods(TestMethodWorker.java:146)\r\n\tat org.testng.internal.TestMethodWorker.run(TestMethodWorker.java:128)\r\n\tat java.base/java.util.ArrayList.forEach(ArrayList.java:1511)\r\n\tat org.testng.TestRunner.privateRun(TestRunner.java:794)\r\n\tat org.testng.TestRunner.run(TestRunner.java:596)\r\n\tat org.testng.SuiteRunner.runTest(SuiteRunner.java:377)\r\n\tat org.testng.SuiteRunner.runSequentially(SuiteRunner.java:371)\r\n\tat org.testng.SuiteRunner.privateRun(SuiteRunner.java:332)\r\n\tat org.testng.SuiteRunner.run(SuiteRunner.java:276)\r\n\tat org.testng.SuiteRunnerWorker.runSuite(SuiteRunnerWorker.java:53)\r\n\tat org.testng.SuiteRunnerWorker.run(SuiteRunnerWorker.java:96)\r\n\tat org.testng.TestNG.runSuitesSequentially(TestNG.java:1212)\r\n\tat org.testng.TestNG.runSuitesLocally(TestNG.java:1134)\r\n\tat org.testng.TestNG.runSuites(TestNG.java:1063)\r\n\tat org.testng.TestNG.run(TestNG.java:1031)\r\n\tat com.intellij.rt.testng.IDEARemoteTestNG.run(IDEARemoteTestNG.java:66)\r\n\tat com.intellij.rt.testng.RemoteTestNGStarter.main(RemoteTestNGStarter.java:105)\r\n"},"stage":"finished","steps":[],"attachments":[],"parameters":[],"start":1696153504297,"stop":1696153524493}],"attachments":[],"parameters":[],"start":1696153491745,"stop":1696153524504}