{"uuid":"d13e217a-f151-429a-952b-0b51fbc5197f","historyId":"ae3b1c940d8734fe083e04cd293072ab","fullName":"SwoopGeTest.test","labels":[{"name":"package","value":"SwoopGeTest"},{"name":"testClass","value":"SwoopGeTest"},{"name":"testMethod","value":"test"},{"name":"parentSuite","value":"Default Suite"},{"name":"suite","value":"Project2"},{"name":"subSuite","value":"SwoopGeTest"},{"name":"host","value":"DESKTOP-QTJN12G"},{"name":"thread","value":"476@DESKTOP-QTJN12G.main(1)"},{"name":"framework","value":"testng"},{"name":"language","value":"java"}],"links":[],"name":"test","status":"failed","statusDetails":{"known":false,"muted":false,"flaky":false,"message":"Test SwoopGeTest.test failed (2 failures)\r\n\tcom.codeborne.selenide.ex.InvalidStateException: Invalid element state [#minprice]: element not interactable\r\nTimeout: 20 s.\r\nCaused by: ElementNotInteractableException: element not interactable\r\n\tcom.codeborne.selenide.ex.InvalidStateException: Invalid element state [#minprice]: element not interactable\r\nTimeout: 20 s.\r\nCaused by: ElementNotInteractableException: element not interactable","trace":"com.codeborne.selenide.ex.SoftAssertionError: Test SwoopGeTest.test failed (2 failures)\r\n\tcom.codeborne.selenide.ex.InvalidStateException: Invalid element state [#minprice]: element not interactable\r\nTimeout: 20 s.\r\nCaused by: ElementNotInteractableException: element not interactable\r\n\tcom.codeborne.selenide.ex.InvalidStateException: Invalid element state [#minprice]: element not interactable\r\nTimeout: 20 s.\r\nCaused by: ElementNotInteractableException: element not interactable\r\n\tat com.codeborne.selenide.logevents.ErrorsCollector.cleanAndGetAssertionError(ErrorsCollector.java:64)\r\n\tat com.codeborne.selenide.testng.SoftAsserts.failIfErrors(SoftAsserts.java:93)\r\n\tat com.codeborne.selenide.testng.SoftAsserts.onTestFailure(SoftAsserts.java:33)\r\n\tat org.testng.internal.TestListenerHelper.runTestListeners(TestListenerHelper.java:96)\r\n\tat org.testng.internal.TestInvoker.runTestResultListener(TestInvoker.java:219)\r\n\tat org.testng.internal.TestInvoker.invokeMethod(TestInvoker.java:656)\r\n\tat org.testng.internal.TestInvoker.invokeTestMethod(TestInvoker.java:173)\r\n\tat org.testng.internal.MethodRunner.runInSequence(MethodRunner.java:46)\r\n\tat org.testng.internal.TestInvoker$MethodInvocationAgent.invoke(TestInvoker.java:824)\r\n\tat org.testng.internal.TestInvoker.invokeTestMethods(TestInvoker.java:146)\r\n\tat org.testng.internal.TestMethodWorker.invokeTestMethods(TestMethodWorker.java:146)\r\n\tat org.testng.internal.TestMethodWorker.run(TestMethodWorker.java:128)\r\n\tat java.base/java.util.ArrayList.forEach(ArrayList.java:1511)\r\n\tat org.testng.TestRunner.privateRun(TestRunner.java:794)\r\n\tat org.testng.TestRunner.run(TestRunner.java:596)\r\n\tat org.testng.SuiteRunner.runTest(SuiteRunner.java:377)\r\n\tat org.testng.SuiteRunner.runSequentially(SuiteRunner.java:371)\r\n\tat org.testng.SuiteRunner.privateRun(SuiteRunner.java:332)\r\n\tat org.testng.SuiteRunner.run(SuiteRunner.java:276)\r\n\tat org.testng.SuiteRunnerWorker.runSuite(SuiteRunnerWorker.java:53)\r\n\tat org.testng.SuiteRunnerWorker.run(SuiteRunnerWorker.java:96)\r\n\tat org.testng.TestNG.runSuitesSequentially(TestNG.java:1212)\r\n\tat org.testng.TestNG.runSuitesLocally(TestNG.java:1134)\r\n\tat org.testng.TestNG.runSuites(TestNG.java:1063)\r\n\tat org.testng.TestNG.run(TestNG.java:1031)\r\n\tat com.intellij.rt.testng.IDEARemoteTestNG.run(IDEARemoteTestNG.java:66)\r\n\tat com.intellij.rt.testng.RemoteTestNGStarter.main(RemoteTestNGStarter.java:105)\r\n\tSuppressed: Invalid element state [#minprice]: element not interactable\r\nTimeout: 20 s.\r\nCaused by: ElementNotInteractableException: element not interactable\r\n\t\tat com.codeborne.selenide.impl.ExceptionWrapper.wrap(ExceptionWrapper.java:26)\r\n\t\tat com.codeborne.selenide.impl.SelenideElementProxy.dispatchAndRetry(SelenideElementProxy.java:154)\r\n\t\tat com.codeborne.selenide.impl.SelenideElementProxy.invoke(SelenideElementProxy.java:84)\r\n\t\tat jdk.proxy2/jdk.proxy2.$Proxy18.sendKeys(Unknown Source)\r\n\t\tat Steps.DasvenebaPageSteps.putMinPrice(DasvenebaPageSteps.java:14)\r\n\t\tat SwoopGeTest.test(SwoopGeTest.java:22)\r\n\t\tat java.base/jdk.internal.reflect.DirectMethodHandleAccessor.invoke(DirectMethodHandleAccessor.java:104)\r\n\t\tat java.base/java.lang.reflect.Method.invoke(Method.java:578)\r\n\t\tat org.testng.internal.MethodInvocationHelper.invokeMethod(MethodInvocationHelper.java:133)\r\n\t\tat org.testng.internal.TestInvoker.invokeMethod(TestInvoker.java:598)\r\n\t\t... 21 more\r\n\tCaused by: org.openqa.selenium.ElementNotInteractableException: element not interactable\n  (Session info: chrome=117.0.5938.132)\nBuild info: version: '4.11.0', revision: '040bc5406b'\nSystem info: os.name: 'Windows 10', os.arch: 'amd64', os.version: '10.0', java.version: '19.0.2'\nDriver info: org.openqa.selenium.chrome.ChromeDriver\nCommand: [9098d39879024d8840824d139c92ab10, sendKeysToElement {id=C964831F72CD9BB5739BAD9CC5B0826A_element_150, value=[Ljava.lang.CharSequence;@3407ded1}]\nCapabilities {acceptInsecureCerts: true, browserName: chrome, browserVersion: 117.0.5938.132, chrome: {chromedriverVersion: 117.0.5938.92 (67649b10b92b..., userDataDir: C:\\Users\\GG\\AppData\\Local\\T...}, fedcm:accounts: true, goog:chromeOptions: {debuggerAddress: localhost:61065}, networkConnectionEnabled: false, pageLoadStrategy: normal, platformName: windows, proxy: Proxy(), se:cdp: ws://localhost:61065/devtoo..., se:cdpVersion: 117.0.5938.132, setWindowRect: true, strictFileInteractability: false, timeouts: {implicit: 0, pageLoad: 300000, script: 30000}, unhandledPromptBehavior: accept, webauthn:extension:credBlob: true, webauthn:extension:largeBlob: true, webauthn:extension:minPinLength: true, webauthn:extension:prf: true, webauthn:virtualAuthenticators: true}\nElement: [[ChromeDriver: chrome on windows (9098d39879024d8840824d139c92ab10)] -> css selector: #minprice]\nSession ID: 9098d39879024d8840824d139c92ab10\r\n\t\tat java.base/jdk.internal.reflect.DirectConstructorHandleAccessor.newInstance(DirectConstructorHandleAccessor.java:67)\r\n\t\tat java.base/java.lang.reflect.Constructor.newInstanceWithCaller(Constructor.java:500)\r\n\t\tat java.base/java.lang.reflect.Constructor.newInstance(Constructor.java:484)\r\n\t\tat org.openqa.selenium.remote.codec.w3c.W3CHttpResponseCodec.createException(W3CHttpResponseCodec.java:200)\r\n\t\tat org.openqa.selenium.remote.codec.w3c.W3CHttpResponseCodec.decode(W3CHttpResponseCodec.java:133)\r\n\t\tat org.openqa.selenium.remote.codec.w3c.W3CHttpResponseCodec.decode(W3CHttpResponseCodec.java:52)\r\n\t\tat org.openqa.selenium.remote.HttpCommandExecutor.execute(HttpCommandExecutor.java:191)\r\n\t\tat org.openqa.selenium.remote.service.DriverCommandExecutor.invokeExecute(DriverCommandExecutor.java:196)\r\n\t\tat org.openqa.selenium.remote.service.DriverCommandExecutor.execute(DriverCommandExecutor.java:171)\r\n\t\tat org.openqa.selenium.remote.RemoteWebDriver.execute(RemoteWebDriver.java:518)\r\n\t\tat org.openqa.selenium.remote.RemoteWebElement.execute(RemoteWebElement.java:224)\r\n\t\tat org.openqa.selenium.remote.RemoteWebElement.sendKeys(RemoteWebElement.java:111)\r\n\t\tat java.base/jdk.internal.reflect.DirectMethodHandleAccessor.invoke(DirectMethodHandleAccessor.java:104)\r\n\t\tat java.base/java.lang.reflect.Method.invoke(Method.java:578)\r\n\t\tat com.codeborne.selenide.impl.SelenideElementProxy.dispatchAndRetry(SelenideElementProxy.java:135)\r\n\t\t... 29 more\r\n\tSuppressed: [CIRCULAR REFERENCE: Invalid element state [#minprice]: element not interactable\r\nTimeout: 20 s.\r\nCaused by: ElementNotInteractableException: element not interactable]\r\n"},"stage":"finished","steps":[{"name":"clicks on დასვენება button on Header","status":"passed","stage":"finished","steps":[],"attachments":[],"parameters":[],"start":1696038149878,"stop":1696038152612}],"attachments":[],"parameters":[],"start":1696038142371,"stop":1696038172733}