{"uuid":"dc4491c9-9f48-4dc4-a74d-8210b266bdc0","historyId":"7ed507bae9b3ebe78ea318221271b8c4","fullName":"SwoopGeTest.firstTest","labels":[{"name":"package","value":"SwoopGeTest"},{"name":"testClass","value":"SwoopGeTest"},{"name":"testMethod","value":"firstTest"},{"name":"parentSuite","value":"Default Suite"},{"name":"suite","value":"Project2"},{"name":"subSuite","value":"SwoopGeTest"},{"name":"host","value":"DESKTOP-QTJN12G"},{"name":"thread","value":"17072@DESKTOP-QTJN12G.main(1)"},{"name":"framework","value":"testng"},{"name":"language","value":"java"},{"name":"epic","value":"Recreation"}],"links":[],"name":"SwoopGe  „დასვენება' Test","status":"failed","statusDetails":{"known":false,"muted":false,"flaky":false,"message":"Test SwoopGeTest.firstTest failed (1 failure)\r\n\tjava.lang.StringIndexOutOfBoundsException: Range [0, -1) out of bounds for length 0","trace":"com.codeborne.selenide.ex.SoftAssertionError: Test SwoopGeTest.firstTest failed (1 failure)\r\n\tjava.lang.StringIndexOutOfBoundsException: Range [0, -1) out of bounds for length 0\r\n\tat com.codeborne.selenide.logevents.ErrorsCollector.cleanAndGetAssertionError(ErrorsCollector.java:64)\r\n\tat com.codeborne.selenide.testng.SoftAsserts.failIfErrors(SoftAsserts.java:93)\r\n\tat com.codeborne.selenide.testng.SoftAsserts.onTestFailure(SoftAsserts.java:33)\r\n\tat org.testng.internal.TestListenerHelper.runTestListeners(TestListenerHelper.java:96)\r\n\tat org.testng.internal.TestInvoker.runTestResultListener(TestInvoker.java:219)\r\n\tat org.testng.internal.TestInvoker.invokeMethod(TestInvoker.java:656)\r\n\tat org.testng.internal.TestInvoker.invokeTestMethod(TestInvoker.java:173)\r\n\tat org.testng.internal.MethodRunner.runInSequence(MethodRunner.java:46)\r\n\tat org.testng.internal.TestInvoker$MethodInvocationAgent.invoke(TestInvoker.java:824)\r\n\tat org.testng.internal.TestInvoker.invokeTestMethods(TestInvoker.java:146)\r\n\tat org.testng.internal.TestMethodWorker.invokeTestMethods(TestMethodWorker.java:146)\r\n\tat org.testng.internal.TestMethodWorker.run(TestMethodWorker.java:128)\r\n\tat java.base/java.util.ArrayList.forEach(ArrayList.java:1511)\r\n\tat org.testng.TestRunner.privateRun(TestRunner.java:794)\r\n\tat org.testng.TestRunner.run(TestRunner.java:596)\r\n\tat org.testng.SuiteRunner.runTest(SuiteRunner.java:377)\r\n\tat org.testng.SuiteRunner.runSequentially(SuiteRunner.java:371)\r\n\tat org.testng.SuiteRunner.privateRun(SuiteRunner.java:332)\r\n\tat org.testng.SuiteRunner.run(SuiteRunner.java:276)\r\n\tat org.testng.SuiteRunnerWorker.runSuite(SuiteRunnerWorker.java:53)\r\n\tat org.testng.SuiteRunnerWorker.run(SuiteRunnerWorker.java:96)\r\n\tat org.testng.TestNG.runSuitesSequentially(TestNG.java:1212)\r\n\tat org.testng.TestNG.runSuitesLocally(TestNG.java:1134)\r\n\tat org.testng.TestNG.runSuites(TestNG.java:1063)\r\n\tat org.testng.TestNG.run(TestNG.java:1031)\r\n\tat com.intellij.rt.testng.IDEARemoteTestNG.run(IDEARemoteTestNG.java:66)\r\n\tat com.intellij.rt.testng.RemoteTestNGStarter.main(RemoteTestNGStarter.java:105)\r\n\tSuppressed: java.lang.StringIndexOutOfBoundsException: Range [0, -1) out of bounds for length 0\r\n\t\tat java.base/jdk.internal.util.Preconditions$1.apply(Preconditions.java:55)\r\n\t\tat java.base/jdk.internal.util.Preconditions$1.apply(Preconditions.java:52)\r\n\t\tat java.base/jdk.internal.util.Preconditions$4.apply(Preconditions.java:213)\r\n\t\tat java.base/jdk.internal.util.Preconditions$4.apply(Preconditions.java:210)\r\n\t\tat java.base/jdk.internal.util.Preconditions.outOfBounds(Preconditions.java:98)\r\n\t\tat java.base/jdk.internal.util.Preconditions.outOfBoundsCheckFromToIndex(Preconditions.java:112)\r\n\t\tat java.base/jdk.internal.util.Preconditions.checkFromToIndex(Preconditions.java:349)\r\n\t\tat java.base/java.lang.String.checkBoundsBeginEnd(String.java:4602)\r\n\t\tat java.base/java.lang.String.substring(String.java:2715)\r\n\t\tat SwoopGeTest.lambda$firstTest$0(SwoopGeTest.java:52)\r\n\t\tat java.base/java.util.stream.ReferencePipeline$3$1.accept(ReferencePipeline.java:197)\r\n\t\tat java.base/java.util.stream.ReferencePipeline$3$1.accept(ReferencePipeline.java:197)\r\n\t\tat java.base/java.util.Iterator.forEachRemaining(Iterator.java:133)\r\n\t\tat java.base/java.util.Spliterators$IteratorSpliterator.forEachRemaining(Spliterators.java:1921)\r\n\t\tat java.base/java.util.stream.AbstractPipeline.copyInto(AbstractPipeline.java:509)\r\n\t\tat java.base/java.util.stream.AbstractPipeline.wrapAndCopyInto(AbstractPipeline.java:499)\r\n\t\tat java.base/java.util.stream.ForEachOps$ForEachOp.evaluateSequential(ForEachOps.java:150)\r\n\t\tat java.base/java.util.stream.ForEachOps$ForEachOp$OfRef.evaluateSequential(ForEachOps.java:173)\r\n\t\tat java.base/java.util.stream.AbstractPipeline.evaluate(AbstractPipeline.java:234)\r\n\t\tat java.base/java.util.stream.ReferencePipeline.forEach(ReferencePipeline.java:596)\r\n\t\tat SwoopGeTest.firstTest(SwoopGeTest.java:54)\r\n\t\tat java.base/jdk.internal.reflect.DirectMethodHandleAccessor.invoke(DirectMethodHandleAccessor.java:104)\r\n\t\tat java.base/java.lang.reflect.Method.invoke(Method.java:578)\r\n\t\tat org.testng.internal.MethodInvocationHelper.invokeMethod(MethodInvocationHelper.java:133)\r\n\t\tat org.testng.internal.TestInvoker.invokeMethod(TestInvoker.java:598)\r\n\t\t... 21 more\r\n"},"stage":"finished","steps":[{"name":"Accept Cookies","status":"passed","stage":"finished","steps":[],"attachments":[],"parameters":[],"start":1696192623623,"stop":1696192623772},{"name":"clicks on დასვენება button on Header","status":"passed","stage":"finished","steps":[],"attachments":[],"parameters":[],"start":1696192623772,"stop":1696192628243},{"name":"Set Min Price: 200","status":"passed","stage":"finished","steps":[],"attachments":[],"parameters":[{"name":"minPrice","value":"200"}],"start":1696192628247,"stop":1696192628368},{"name":"Set Max Price: 230","status":"passed","stage":"finished","steps":[],"attachments":[],"parameters":[{"name":"maxPrice","value":"230"}],"start":1696192628369,"stop":1696192628443},{"name":"clickOnDzebnaButton","status":"passed","stage":"finished","steps":[],"attachments":[],"parameters":[],"start":1696192628444,"stop":1696192628527}],"attachments":[],"parameters":[],"start":1696192609512,"stop":1696192628579}